#
# There is insufficient memory for the Java Runtime Environment to continue.
# Native memory allocation (malloc) failed to allocate 606336 bytes for Chunk::new
# Possible reasons:
#   The system is out of physical RAM or swap space
#   The process is running with CompressedOops enabled, and the Java Heap may be blocking the growth of the native heap
# Possible solutions:
#   Reduce memory load on the system
#   Increase physical memory or swap space
#   Check if swap backing store is full
#   Decrease Java heap size (-Xmx/-Xms)
#   Decrease number of Java threads
#   Decrease Java thread stack sizes (-Xss)
#   Set larger code cache with -XX:ReservedCodeCacheSize=
#   JVM is running with Zero Based Compressed Oops mode in which the Java heap is
#     placed in the first 32GB address space. The Java Heap base address is the
#     maximum limit for the native heap growth. Please use -XX:HeapBaseMinAddress
#     to set the Java Heap base and to place the Java Heap above 32GB virtual address.
# This output file may be truncated or incomplete.
#
#  Out of Memory Error (arena.cpp:184), pid=7492, tid=30840
#
# JRE version: Java(TM) SE Runtime Environment (20.0.2+9) (build 20.0.2+9-78)
# Java VM: Java HotSpot(TM) 64-Bit Server VM (20.0.2+9-78, mixed mode, sharing, tiered, compressed oops, compressed class ptrs, g1 gc, windows-amd64)
# No core dump will be written. Minidumps are not enabled by default on client versions of Windows
#

---------------  S U M M A R Y ------------

Command Line: -Dfile.encoding=UTF-8 --module-path=C:\Users\ASUS\Documents\NetBeansProjects\pa\build\classes gui.fasilitas

Host: AMD Ryzen 7 5800H with Radeon Graphics         , 16 cores, 15G,  Windows 11 , 64 bit Build 22621 (10.0.22621.2428)
Time: Fri Nov  3 12:51:30 2023 Malay Peninsula Standard Time elapsed time: 273.829619 seconds (0d 0h 4m 33s)

---------------  T H R E A D  ---------------

Current thread (0x0000021cb22e0a80):  JavaThread "C2 CompilerThread0" daemon [_thread_in_native, id=30840, stack(0x000000de0e000000,0x000000de0e100000)]


Current CompileTask:
C2: 273829 2780       4       sun.java2d.marlin.MarlinTileGenerator::getAlphaRLE (1749 bytes)

Stack: [0x000000de0e000000,0x000000de0e100000]
Native frames: (J=compiled Java code, j=interpreted, Vv=VM code, C=native code)
V  [jvm.dll+0x6bc25a]
V  [jvm.dll+0x84971a]
V  [jvm.dll+0x84b315]
V  [jvm.dll+0x84ba13]
V  [jvm.dll+0x280e4f]
V  [jvm.dll+0xc2ab1]
V  [jvm.dll+0xc2dd5]
V  [jvm.dll+0x2f611f]
V  [jvm.dll+0x5e3b0b]
V  [jvm.dll+0x254684]
V  [jvm.dll+0x254a4f]
V  [jvm.dll+0x24d23d]
V  [jvm.dll+0x24a819]
V  [jvm.dll+0x1ce761]
V  [jvm.dll+0x25a0eb]
V  [jvm.dll+0x2587c0]
V  [jvm.dll+0x3f2dd5]
V  [jvm.dll+0x7f5c76]
V  [jvm.dll+0x6baecb]
C  [ucrtbase.dll+0x29363]
C  [KERNEL32.DLL+0x1257d]
C  [ntdll.dll+0x5aa78]


---------------  P R O C E S S  ---------------

Threads class SMR info:
_java_thread_list=0x0000021c800475d0, length=19, elements={
0x0000021cb22c9cf0, 0x0000021cb22caa90, 0x0000021cb22ccb70, 0x0000021cb22cdae0,
0x0000021cb22d05d0, 0x0000021cb22d3b30, 0x0000021cb22e0a80, 0x0000021cb22ed040,
0x0000021cb22d35e0, 0x0000021cb22d3090, 0x0000021cb22d20a0, 0x0000021cb22d5070,
0x0000021cb22d2b40, 0x0000021cb22d4b20, 0x0000021cb22d4080, 0x0000021c801012e0,
0x0000021c800fd870, 0x0000021c800ff300, 0x0000021c80055120
}

Java Threads: ( => current thread )
  0x0000021cb22c9cf0 JavaThread "Reference Handler" daemon [_thread_blocked, id=30984, stack(0x000000de0da00000,0x000000de0db00000)]
  0x0000021cb22caa90 JavaThread "Finalizer" daemon [_thread_blocked, id=28900, stack(0x000000de0db00000,0x000000de0dc00000)]
  0x0000021cb22ccb70 JavaThread "Signal Dispatcher" daemon [_thread_blocked, id=5816, stack(0x000000de0dc00000,0x000000de0dd00000)]
  0x0000021cb22cdae0 JavaThread "Attach Listener" daemon [_thread_blocked, id=12760, stack(0x000000de0dd00000,0x000000de0de00000)]
  0x0000021cb22d05d0 JavaThread "Service Thread" daemon [_thread_blocked, id=30800, stack(0x000000de0de00000,0x000000de0df00000)]
  0x0000021cb22d3b30 JavaThread "Monitor Deflation Thread" daemon [_thread_blocked, id=6956, stack(0x000000de0df00000,0x000000de0e000000)]
=>0x0000021cb22e0a80 JavaThread "C2 CompilerThread0" daemon [_thread_in_native, id=30840, stack(0x000000de0e000000,0x000000de0e100000)]
  0x0000021cb22ed040 JavaThread "C1 CompilerThread0" daemon [_thread_blocked, id=15048, stack(0x000000de0e100000,0x000000de0e200000)]
  0x0000021cb22d35e0 JavaThread "Common-Cleaner" daemon [_thread_blocked, id=14960, stack(0x000000de0e200000,0x000000de0e300000)]
  0x0000021cb22d3090 JavaThread "Notification Thread" daemon [_thread_blocked, id=21796, stack(0x000000de0e400000,0x000000de0e500000)]
  0x0000021cb22d20a0 JavaThread "Java2D Disposer" daemon [_thread_blocked, id=13056, stack(0x000000de0e700000,0x000000de0e800000)]
  0x0000021cb22d5070 JavaThread "AWT-Shutdown" [_thread_blocked, id=27656, stack(0x000000de0e800000,0x000000de0e900000)]
  0x0000021cb22d2b40 JavaThread "AWT-Windows" daemon [_thread_in_native, id=31708, stack(0x000000de0e900000,0x000000de0ea00000)]
  0x0000021cb22d4b20 JavaThread "AWT-EventQueue-0" [_thread_in_native, id=21272, stack(0x000000de0e600000,0x000000de0e700000)]
  0x0000021cb22d4080 JavaThread "DestroyJavaVM" [_thread_blocked, id=15260, stack(0x000000de0d300000,0x000000de0d400000)]
  0x0000021c801012e0 JavaThread "mysql-cj-abandoned-connection-cleanup" daemon [_thread_blocked, id=31200, stack(0x000000de0fc00000,0x000000de0fd00000)]
  0x0000021c800fd870 JavaThread "D3D Screen Updater" daemon [_thread_blocked, id=22660, stack(0x000000de0f600000,0x000000de0f700000)]
  0x0000021c800ff300 JavaThread "TimerQueue" daemon [_thread_blocked, id=20244, stack(0x000000de10800000,0x000000de10900000)]
  0x0000021c80055120 JavaThread "C2 CompilerThread1" daemon [_thread_in_native, id=10700, stack(0x000000de0eb00000,0x000000de0ec00000)]

Other Threads:
  0x0000021cb22b0100 VMThread "VM Thread" [stack: 0x000000de0d900000,0x000000de0da00000] [id=15436]
  0x0000021cf81f6290 WatcherThread "VM Periodic Task Thread" [stack: 0x000000de0e500000,0x000000de0e600000] [id=27432]
  0x0000021c9111b960 WorkerThread "GC Thread#0" [stack: 0x000000de0d400000,0x000000de0d500000] [id=20980]
  0x0000021cfaab6a90 WorkerThread "GC Thread#1" [stack: 0x000000de0fb00000,0x000000de0fc00000] [id=15528]
  0x0000021cfaab6d60 WorkerThread "GC Thread#2" [stack: 0x000000de0fd00000,0x000000de0fe00000] [id=29524]
  0x0000021cfaab7e40 WorkerThread "GC Thread#3" [stack: 0x000000de0fe00000,0x000000de0ff00000] [id=9324]
  0x0000021cfaab8110 WorkerThread "GC Thread#4" [stack: 0x000000de0ff00000,0x000000de10000000] [id=20160]
  0x0000021cfaab83e0 WorkerThread "GC Thread#5" [stack: 0x000000de10000000,0x000000de10100000] [id=31564]
  0x0000021cfaab7300 WorkerThread "GC Thread#6" [stack: 0x000000de10100000,0x000000de10200000] [id=16344]
  0x0000021c802ab5f0 WorkerThread "GC Thread#7" [stack: 0x000000de10200000,0x000000de10300000] [id=12108]
  0x0000021c802a9430 WorkerThread "GC Thread#8" [stack: 0x000000de10300000,0x000000de10400000] [id=16436]
  0x0000021c802abb90 WorkerThread "GC Thread#9" [stack: 0x000000de10400000,0x000000de10500000] [id=21928]
  0x0000021c802aa7e0 WorkerThread "GC Thread#10" [stack: 0x000000de10500000,0x000000de10600000] [id=2348]
  0x0000021c802ab8c0 WorkerThread "GC Thread#11" [stack: 0x000000de10600000,0x000000de10700000] [id=31092]
  0x0000021c802ab050 WorkerThread "GC Thread#12" [stack: 0x000000de10700000,0x000000de10800000] [id=27192]
  0x0000021c9112d120 ConcurrentGCThread "G1 Main Marker" [stack: 0x000000de0d500000,0x000000de0d600000] [id=25996]
  0x0000021c9112e2f0 WorkerThread "G1 Conc#0" [stack: 0x000000de0d600000,0x000000de0d700000] [id=9840]
  0x0000021c9116e0c0 ConcurrentGCThread "G1 Refine#0" [stack: 0x000000de0d700000,0x000000de0d800000] [id=29412]
  0x0000021c9116ea60 ConcurrentGCThread "G1 Service" [stack: 0x000000de0d800000,0x000000de0d900000] [id=27272]

Threads with active compile tasks:
C2 CompilerThread0   273875 2780       4       sun.java2d.marlin.MarlinTileGenerator::getAlphaRLE (1749 bytes)
C2 CompilerThread1   273875 2797       4       jdk.internal.logger.AbstractLoggerWrapper::isLoggable (26 bytes)

VM state: not at safepoint (normal execution)

VM Mutex/Monitor currently owned by a thread: None

Heap address: 0x0000000709800000, size: 3944 MB, Compressed Oops mode: Zero based, Oop shift amount: 3

CDS archive(s) mapped at: [0x0000021cb3000000-0x0000021cb3c60000-0x0000021cb3c60000), size 12976128, SharedBaseAddress: 0x0000021cb3000000, ArchiveRelocationMode: 1.
Compressed class space mapped at: 0x0000021cb4000000-0x0000021cf4000000, reserved size: 1073741824
Narrow klass base: 0x0000021cb3000000, Narrow klass shift: 0, Narrow klass range: 0x100000000

GC Precious Log:
 CardTable entry size: 512
 Card Set container configuration: InlinePtr #cards 4 size 8 Array Of Cards #cards 16 size 48 Howl #buckets 8 coarsen threshold 3686 Howl Bitmap #cards 512 size 80 coarsen threshold 460 Card regions per heap region 1 cards per card region 4096
 CPUs: 16 total, 16 available
 Memory: 15775M
 Large Page Support: Disabled
 NUMA Support: Disabled
 Compressed Oops: Enabled (Zero based)
 Heap Region Size: 2M
 Heap Min Capacity: 8M
 Heap Initial Capacity: 248M
 Heap Max Capacity: 3944M
 Pre-touch: Disabled
 Parallel Workers: 13
 Concurrent Workers: 3
 Concurrent Refinement Workers: 13
 Periodic GC: Disabled

Heap:
 garbage-first heap   total 253952K, used 14960K [0x0000000709800000, 0x0000000800000000)
  region size 2048K, 6 young (12288K), 2 survivors (4096K)
 Metaspace       used 17164K, committed 17408K, reserved 1114112K
  class space    used 1915K, committed 2048K, reserved 1048576K

Heap Regions: E=young(eden), S=young(survivor), O=old, HS=humongous(starts), HC=humongous(continues), CS=collection set, F=free, OA=open archive, CA=closed archive, TAMS=top-at-mark-start, PB=parsable bottom
|   0|0x0000000709800000, 0x0000000709a00000, 0x0000000709a00000|100%| O|  |TAMS 0x0000000709800000| PB 0x0000000709800000| Untracked 
|   1|0x0000000709a00000, 0x0000000709c00000, 0x0000000709c00000|100%| O|  |TAMS 0x0000000709a00000| PB 0x0000000709a00000| Untracked 
|   2|0x0000000709c00000, 0x0000000709c9c000, 0x0000000709e00000| 30%| O|  |TAMS 0x0000000709c00000| PB 0x0000000709c00000| Untracked 
|   3|0x0000000709e00000, 0x0000000709e00000, 0x000000070a000000|  0%| F|  |TAMS 0x0000000709e00000| PB 0x0000000709e00000| Untracked 
|   4|0x000000070a000000, 0x000000070a000000, 0x000000070a200000|  0%| F|  |TAMS 0x000000070a000000| PB 0x000000070a000000| Untracked 
|   5|0x000000070a200000, 0x000000070a200000, 0x000000070a400000|  0%| F|  |TAMS 0x000000070a200000| PB 0x000000070a200000| Untracked 
|   6|0x000000070a400000, 0x000000070a400000, 0x000000070a600000|  0%| F|  |TAMS 0x000000070a400000| PB 0x000000070a400000| Untracked 
|   7|0x000000070a600000, 0x000000070a600000, 0x000000070a800000|  0%| F|  |TAMS 0x000000070a600000| PB 0x000000070a600000| Untracked 
|   8|0x000000070a800000, 0x000000070a800000, 0x000000070aa00000|  0%| F|  |TAMS 0x000000070a800000| PB 0x000000070a800000| Untracked 
|   9|0x000000070aa00000, 0x000000070aa00000, 0x000000070ac00000|  0%| F|  |TAMS 0x000000070aa00000| PB 0x000000070aa00000| Untracked 
|  10|0x000000070ac00000, 0x000000070ac00000, 0x000000070ae00000|  0%| F|  |TAMS 0x000000070ac00000| PB 0x000000070ac00000| Untracked 
|  11|0x000000070ae00000, 0x000000070ae00000, 0x000000070b000000|  0%| F|  |TAMS 0x000000070ae00000| PB 0x000000070ae00000| Untracked 
|  12|0x000000070b000000, 0x000000070b000000, 0x000000070b200000|  0%| F|  |TAMS 0x000000070b000000| PB 0x000000070b000000| Untracked 
|  13|0x000000070b200000, 0x000000070b200000, 0x000000070b400000|  0%| F|  |TAMS 0x000000070b200000| PB 0x000000070b200000| Untracked 
|  14|0x000000070b400000, 0x000000070b400000, 0x000000070b600000|  0%| F|  |TAMS 0x000000070b400000| PB 0x000000070b400000| Untracked 
|  15|0x000000070b600000, 0x000000070b600000, 0x000000070b800000|  0%| F|  |TAMS 0x000000070b600000| PB 0x000000070b600000| Untracked 
|  16|0x000000070b800000, 0x000000070b800000, 0x000000070ba00000|  0%| F|  |TAMS 0x000000070b800000| PB 0x000000070b800000| Untracked 
|  17|0x000000070ba00000, 0x000000070ba00000, 0x000000070bc00000|  0%| F|  |TAMS 0x000000070ba00000| PB 0x000000070ba00000| Untracked 
|  18|0x000000070bc00000, 0x000000070bc00000, 0x000000070be00000|  0%| F|  |TAMS 0x000000070bc00000| PB 0x000000070bc00000| Untracked 
|  19|0x000000070be00000, 0x000000070be00000, 0x000000070c000000|  0%| F|  |TAMS 0x000000070be00000| PB 0x000000070be00000| Untracked 
|  20|0x000000070c000000, 0x000000070c000000, 0x000000070c200000|  0%| F|  |TAMS 0x000000070c000000| PB 0x000000070c000000| Untracked 
|  21|0x000000070c200000, 0x000000070c200000, 0x000000070c400000|  0%| F|  |TAMS 0x000000070c200000| PB 0x000000070c200000| Untracked 
|  22|0x000000070c400000, 0x000000070c400000, 0x000000070c600000|  0%| F|  |TAMS 0x000000070c400000| PB 0x000000070c400000| Untracked 
|  23|0x000000070c600000, 0x000000070c600000, 0x000000070c800000|  0%| F|  |TAMS 0x000000070c600000| PB 0x000000070c600000| Untracked 
|  24|0x000000070c800000, 0x000000070c800000, 0x000000070ca00000|  0%| F|  |TAMS 0x000000070c800000| PB 0x000000070c800000| Untracked 
|  25|0x000000070ca00000, 0x000000070ca00000, 0x000000070cc00000|  0%| F|  |TAMS 0x000000070ca00000| PB 0x000000070ca00000| Untracked 
|  26|0x000000070cc00000, 0x000000070cc00000, 0x000000070ce00000|  0%| F|  |TAMS 0x000000070cc00000| PB 0x000000070cc00000| Untracked 
|  27|0x000000070ce00000, 0x000000070ce00000, 0x000000070d000000|  0%| F|  |TAMS 0x000000070ce00000| PB 0x000000070ce00000| Untracked 
|  28|0x000000070d000000, 0x000000070d000000, 0x000000070d200000|  0%| F|  |TAMS 0x000000070d000000| PB 0x000000070d000000| Untracked 
|  29|0x000000070d200000, 0x000000070d200000, 0x000000070d400000|  0%| F|  |TAMS 0x000000070d200000| PB 0x000000070d200000| Untracked 
|  30|0x000000070d400000, 0x000000070d400000, 0x000000070d600000|  0%| F|  |TAMS 0x000000070d400000| PB 0x000000070d400000| Untracked 
|  31|0x000000070d600000, 0x000000070d600000, 0x000000070d800000|  0%| F|  |TAMS 0x000000070d600000| PB 0x000000070d600000| Untracked 
|  32|0x000000070d800000, 0x000000070d800000, 0x000000070da00000|  0%| F|  |TAMS 0x000000070d800000| PB 0x000000070d800000| Untracked 
|  33|0x000000070da00000, 0x000000070da00000, 0x000000070dc00000|  0%| F|  |TAMS 0x000000070da00000| PB 0x000000070da00000| Untracked 
|  34|0x000000070dc00000, 0x000000070dc00000, 0x000000070de00000|  0%| F|  |TAMS 0x000000070dc00000| PB 0x000000070dc00000| Untracked 
|  35|0x000000070de00000, 0x000000070de00000, 0x000000070e000000|  0%| F|  |TAMS 0x000000070de00000| PB 0x000000070de00000| Untracked 
|  36|0x000000070e000000, 0x000000070e000000, 0x000000070e200000|  0%| F|  |TAMS 0x000000070e000000| PB 0x000000070e000000| Untracked 
|  37|0x000000070e200000, 0x000000070e200000, 0x000000070e400000|  0%| F|  |TAMS 0x000000070e200000| PB 0x000000070e200000| Untracked 
|  38|0x000000070e400000, 0x000000070e400000, 0x000000070e600000|  0%| F|  |TAMS 0x000000070e400000| PB 0x000000070e400000| Untracked 
|  39|0x000000070e600000, 0x000000070e600000, 0x000000070e800000|  0%| F|  |TAMS 0x000000070e600000| PB 0x000000070e600000| Untracked 
|  40|0x000000070e800000, 0x000000070e800000, 0x000000070ea00000|  0%| F|  |TAMS 0x000000070e800000| PB 0x000000070e800000| Untracked 
|  41|0x000000070ea00000, 0x000000070ea00000, 0x000000070ec00000|  0%| F|  |TAMS 0x000000070ea00000| PB 0x000000070ea00000| Untracked 
|  42|0x000000070ec00000, 0x000000070ec00000, 0x000000070ee00000|  0%| F|  |TAMS 0x000000070ec00000| PB 0x000000070ec00000| Untracked 
|  43|0x000000070ee00000, 0x000000070ee00000, 0x000000070f000000|  0%| F|  |TAMS 0x000000070ee00000| PB 0x000000070ee00000| Untracked 
|  44|0x000000070f000000, 0x000000070f000000, 0x000000070f200000|  0%| F|  |TAMS 0x000000070f000000| PB 0x000000070f000000| Untracked 
|  45|0x000000070f200000, 0x000000070f200000, 0x000000070f400000|  0%| F|  |TAMS 0x000000070f200000| PB 0x000000070f200000| Untracked 
|  46|0x000000070f400000, 0x000000070f400000, 0x000000070f600000|  0%| F|  |TAMS 0x000000070f400000| PB 0x000000070f400000| Untracked 
|  47|0x000000070f600000, 0x000000070f600000, 0x000000070f800000|  0%| F|  |TAMS 0x000000070f600000| PB 0x000000070f600000| Untracked 
|  48|0x000000070f800000, 0x000000070f800000, 0x000000070fa00000|  0%| F|  |TAMS 0x000000070f800000| PB 0x000000070f800000| Untracked 
|  49|0x000000070fa00000, 0x000000070fa00000, 0x000000070fc00000|  0%| F|  |TAMS 0x000000070fa00000| PB 0x000000070fa00000| Untracked 
|  50|0x000000070fc00000, 0x000000070fc00000, 0x000000070fe00000|  0%| F|  |TAMS 0x000000070fc00000| PB 0x000000070fc00000| Untracked 
|  51|0x000000070fe00000, 0x000000070fe00000, 0x0000000710000000|  0%| F|  |TAMS 0x000000070fe00000| PB 0x000000070fe00000| Untracked 
|  52|0x0000000710000000, 0x0000000710000000, 0x0000000710200000|  0%| F|  |TAMS 0x0000000710000000| PB 0x0000000710000000| Untracked 
|  53|0x0000000710200000, 0x0000000710200000, 0x0000000710400000|  0%| F|  |TAMS 0x0000000710200000| PB 0x0000000710200000| Untracked 
|  54|0x0000000710400000, 0x0000000710400000, 0x0000000710600000|  0%| F|  |TAMS 0x0000000710400000| PB 0x0000000710400000| Untracked 
|  55|0x0000000710600000, 0x0000000710600000, 0x0000000710800000|  0%| F|  |TAMS 0x0000000710600000| PB 0x0000000710600000| Untracked 
|  56|0x0000000710800000, 0x0000000710800000, 0x0000000710a00000|  0%| F|  |TAMS 0x0000000710800000| PB 0x0000000710800000| Untracked 
|  57|0x0000000710a00000, 0x0000000710a00000, 0x0000000710c00000|  0%| F|  |TAMS 0x0000000710a00000| PB 0x0000000710a00000| Untracked 
|  58|0x0000000710c00000, 0x0000000710c00000, 0x0000000710e00000|  0%| F|  |TAMS 0x0000000710c00000| PB 0x0000000710c00000| Untracked 
|  59|0x0000000710e00000, 0x0000000710e00000, 0x0000000711000000|  0%| F|  |TAMS 0x0000000710e00000| PB 0x0000000710e00000| Untracked 
|  60|0x0000000711000000, 0x0000000711000000, 0x0000000711200000|  0%| F|  |TAMS 0x0000000711000000| PB 0x0000000711000000| Untracked 
|  61|0x0000000711200000, 0x0000000711200000, 0x0000000711400000|  0%| F|  |TAMS 0x0000000711200000| PB 0x0000000711200000| Untracked 
|  62|0x0000000711400000, 0x0000000711400000, 0x0000000711600000|  0%| F|  |TAMS 0x0000000711400000| PB 0x0000000711400000| Untracked 
|  63|0x0000000711600000, 0x0000000711600000, 0x0000000711800000|  0%| F|  |TAMS 0x0000000711600000| PB 0x0000000711600000| Untracked 
|  64|0x0000000711800000, 0x0000000711800000, 0x0000000711a00000|  0%| F|  |TAMS 0x0000000711800000| PB 0x0000000711800000| Untracked 
|  65|0x0000000711a00000, 0x0000000711a00000, 0x0000000711c00000|  0%| F|  |TAMS 0x0000000711a00000| PB 0x0000000711a00000| Untracked 
|  66|0x0000000711c00000, 0x0000000711c00000, 0x0000000711e00000|  0%| F|  |TAMS 0x0000000711c00000| PB 0x0000000711c00000| Untracked 
|  67|0x0000000711e00000, 0x0000000711e00000, 0x0000000712000000|  0%| F|  |TAMS 0x0000000711e00000| PB 0x0000000711e00000| Untracked 
|  68|0x0000000712000000, 0x0000000712000000, 0x0000000712200000|  0%| F|  |TAMS 0x0000000712000000| PB 0x0000000712000000| Untracked 
|  69|0x0000000712200000, 0x0000000712200000, 0x0000000712400000|  0%| F|  |TAMS 0x0000000712200000| PB 0x0000000712200000| Untracked 
|  70|0x0000000712400000, 0x0000000712400000, 0x0000000712600000|  0%| F|  |TAMS 0x0000000712400000| PB 0x0000000712400000| Untracked 
|  71|0x0000000712600000, 0x0000000712600000, 0x0000000712800000|  0%| F|  |TAMS 0x0000000712600000| PB 0x0000000712600000| Untracked 
|  72|0x0000000712800000, 0x0000000712800000, 0x0000000712a00000|  0%| F|  |TAMS 0x0000000712800000| PB 0x0000000712800000| Untracked 
|  73|0x0000000712a00000, 0x0000000712a00000, 0x0000000712c00000|  0%| F|  |TAMS 0x0000000712a00000| PB 0x0000000712a00000| Untracked 
|  74|0x0000000712c00000, 0x0000000712c00000, 0x0000000712e00000|  0%| F|  |TAMS 0x0000000712c00000| PB 0x0000000712c00000| Untracked 
|  75|0x0000000712e00000, 0x0000000712e00000, 0x0000000713000000|  0%| F|  |TAMS 0x0000000712e00000| PB 0x0000000712e00000| Untracked 
|  76|0x0000000713000000, 0x0000000713000000, 0x0000000713200000|  0%| F|  |TAMS 0x0000000713000000| PB 0x0000000713000000| Untracked 
|  77|0x0000000713200000, 0x0000000713200000, 0x0000000713400000|  0%| F|  |TAMS 0x0000000713200000| PB 0x0000000713200000| Untracked 
|  78|0x0000000713400000, 0x0000000713400000, 0x0000000713600000|  0%| F|  |TAMS 0x0000000713400000| PB 0x0000000713400000| Untracked 
|  79|0x0000000713600000, 0x0000000713600000, 0x0000000713800000|  0%| F|  |TAMS 0x0000000713600000| PB 0x0000000713600000| Untracked 
|  80|0x0000000713800000, 0x0000000713800000, 0x0000000713a00000|  0%| F|  |TAMS 0x0000000713800000| PB 0x0000000713800000| Untracked 
|  81|0x0000000713a00000, 0x0000000713a00000, 0x0000000713c00000|  0%| F|  |TAMS 0x0000000713a00000| PB 0x0000000713a00000| Untracked 
|  82|0x0000000713c00000, 0x0000000713c00000, 0x0000000713e00000|  0%| F|  |TAMS 0x0000000713c00000| PB 0x0000000713c00000| Untracked 
|  83|0x0000000713e00000, 0x0000000713e00000, 0x0000000714000000|  0%| F|  |TAMS 0x0000000713e00000| PB 0x0000000713e00000| Untracked 
|  84|0x0000000714000000, 0x0000000714000000, 0x0000000714200000|  0%| F|  |TAMS 0x0000000714000000| PB 0x0000000714000000| Untracked 
|  85|0x0000000714200000, 0x0000000714200000, 0x0000000714400000|  0%| F|  |TAMS 0x0000000714200000| PB 0x0000000714200000| Untracked 
|  86|0x0000000714400000, 0x0000000714400000, 0x0000000714600000|  0%| F|  |TAMS 0x0000000714400000| PB 0x0000000714400000| Untracked 
|  87|0x0000000714600000, 0x0000000714600000, 0x0000000714800000|  0%| F|  |TAMS 0x0000000714600000| PB 0x0000000714600000| Untracked 
|  88|0x0000000714800000, 0x0000000714800000, 0x0000000714a00000|  0%| F|  |TAMS 0x0000000714800000| PB 0x0000000714800000| Untracked 
|  89|0x0000000714a00000, 0x0000000714a00000, 0x0000000714c00000|  0%| F|  |TAMS 0x0000000714a00000| PB 0x0000000714a00000| Untracked 
|  90|0x0000000714c00000, 0x0000000714c00000, 0x0000000714e00000|  0%| F|  |TAMS 0x0000000714c00000| PB 0x0000000714c00000| Untracked 
|  91|0x0000000714e00000, 0x0000000714e00000, 0x0000000715000000|  0%| F|  |TAMS 0x0000000714e00000| PB 0x0000000714e00000| Untracked 
|  92|0x0000000715000000, 0x0000000715000000, 0x0000000715200000|  0%| F|  |TAMS 0x0000000715000000| PB 0x0000000715000000| Untracked 
|  93|0x0000000715200000, 0x0000000715200000, 0x0000000715400000|  0%| F|  |TAMS 0x0000000715200000| PB 0x0000000715200000| Untracked 
|  94|0x0000000715400000, 0x0000000715400000, 0x0000000715600000|  0%| F|  |TAMS 0x0000000715400000| PB 0x0000000715400000| Untracked 
|  95|0x0000000715600000, 0x0000000715600000, 0x0000000715800000|  0%| F|  |TAMS 0x0000000715600000| PB 0x0000000715600000| Untracked 
|  96|0x0000000715800000, 0x0000000715800000, 0x0000000715a00000|  0%| F|  |TAMS 0x0000000715800000| PB 0x0000000715800000| Untracked 
|  97|0x0000000715a00000, 0x0000000715a00000, 0x0000000715c00000|  0%| F|  |TAMS 0x0000000715a00000| PB 0x0000000715a00000| Untracked 
|  98|0x0000000715c00000, 0x0000000715c00000, 0x0000000715e00000|  0%| F|  |TAMS 0x0000000715c00000| PB 0x0000000715c00000| Untracked 
|  99|0x0000000715e00000, 0x0000000715e00000, 0x0000000716000000|  0%| F|  |TAMS 0x0000000715e00000| PB 0x0000000715e00000| Untracked 
| 100|0x0000000716000000, 0x0000000716000000, 0x0000000716200000|  0%| F|  |TAMS 0x0000000716000000| PB 0x0000000716000000| Untracked 
| 101|0x0000000716200000, 0x0000000716200000, 0x0000000716400000|  0%| F|  |TAMS 0x0000000716200000| PB 0x0000000716200000| Untracked 
| 102|0x0000000716400000, 0x0000000716400000, 0x0000000716600000|  0%| F|  |TAMS 0x0000000716400000| PB 0x0000000716400000| Untracked 
| 103|0x0000000716600000, 0x0000000716600000, 0x0000000716800000|  0%| F|  |TAMS 0x0000000716600000| PB 0x0000000716600000| Untracked 
| 104|0x0000000716800000, 0x0000000716800000, 0x0000000716a00000|  0%| F|  |TAMS 0x0000000716800000| PB 0x0000000716800000| Untracked 
| 105|0x0000000716a00000, 0x0000000716a00000, 0x0000000716c00000|  0%| F|  |TAMS 0x0000000716a00000| PB 0x0000000716a00000| Untracked 
| 106|0x0000000716c00000, 0x0000000716c00000, 0x0000000716e00000|  0%| F|  |TAMS 0x0000000716c00000| PB 0x0000000716c00000| Untracked 
| 107|0x0000000716e00000, 0x0000000716e00000, 0x0000000717000000|  0%| F|  |TAMS 0x0000000716e00000| PB 0x0000000716e00000| Untracked 
| 108|0x0000000717000000, 0x0000000717000000, 0x0000000717200000|  0%| F|  |TAMS 0x0000000717000000| PB 0x0000000717000000| Untracked 
| 109|0x0000000717200000, 0x0000000717200000, 0x0000000717400000|  0%| F|  |TAMS 0x0000000717200000| PB 0x0000000717200000| Untracked 
| 110|0x0000000717400000, 0x0000000717400000, 0x0000000717600000|  0%| F|  |TAMS 0x0000000717400000| PB 0x0000000717400000| Untracked 
| 111|0x0000000717600000, 0x0000000717800000, 0x0000000717800000|100%| S|CS|TAMS 0x0000000717600000| PB 0x0000000717600000| Complete 
| 112|0x0000000717800000, 0x0000000717a00000, 0x0000000717a00000|100%| S|CS|TAMS 0x0000000717800000| PB 0x0000000717800000| Complete 
| 113|0x0000000717a00000, 0x0000000717a00000, 0x0000000717c00000|  0%| F|  |TAMS 0x0000000717a00000| PB 0x0000000717a00000| Untracked 
| 114|0x0000000717c00000, 0x0000000717c00000, 0x0000000717e00000|  0%| F|  |TAMS 0x0000000717c00000| PB 0x0000000717c00000| Untracked 
| 115|0x0000000717e00000, 0x0000000717e00000, 0x0000000718000000|  0%| F|  |TAMS 0x0000000717e00000| PB 0x0000000717e00000| Untracked 
| 116|0x0000000718000000, 0x0000000718000000, 0x0000000718200000|  0%| F|  |TAMS 0x0000000718000000| PB 0x0000000718000000| Untracked 
| 117|0x0000000718200000, 0x0000000718200000, 0x0000000718400000|  0%| F|  |TAMS 0x0000000718200000| PB 0x0000000718200000| Untracked 
| 118|0x0000000718400000, 0x0000000718400000, 0x0000000718600000|  0%| F|  |TAMS 0x0000000718400000| PB 0x0000000718400000| Untracked 
| 119|0x0000000718600000, 0x0000000718600000, 0x0000000718800000|  0%| F|  |TAMS 0x0000000718600000| PB 0x0000000718600000| Untracked 
| 120|0x0000000718800000, 0x0000000718911d88, 0x0000000718a00000| 53%| E|  |TAMS 0x0000000718800000| PB 0x0000000718800000| Complete 
| 121|0x0000000718a00000, 0x0000000718c00000, 0x0000000718c00000|100%| E|CS|TAMS 0x0000000718a00000| PB 0x0000000718a00000| Complete 
| 122|0x0000000718c00000, 0x0000000718e00000, 0x0000000718e00000|100%| E|CS|TAMS 0x0000000718c00000| PB 0x0000000718c00000| Complete 
| 123|0x0000000718e00000, 0x0000000719000000, 0x0000000719000000|100%| E|CS|TAMS 0x0000000718e00000| PB 0x0000000718e00000| Complete 

Card table byte_map: [0x0000021cab0f0000,0x0000021cab8b0000] _byte_map_base: 0x0000021ca78a4000

Marking Bits: (CMBitMap*) 0x0000021c9111bf90
 Bits: [0x0000021cac070000, 0x0000021cafe10000)

Polling page: 0x0000021c91170000

Metaspace:

Usage:
  Non-class:     14.89 MB used.
      Class:      1.87 MB used.
       Both:     16.76 MB used.

Virtual space:
  Non-class space:       64.00 MB reserved,      15.00 MB ( 23%) committed,  1 nodes.
      Class space:        1.00 GB reserved,       2.00 MB ( <1%) committed,  1 nodes.
             Both:        1.06 GB reserved,      17.00 MB (  2%) committed. 

Chunk freelists:
   Non-Class:  856.00 KB
       Class:  2.03 MB
        Both:  2.86 MB

MaxMetaspaceSize: unlimited
CompressedClassSpaceSize: 1.00 GB
Initial GC threshold: 21.00 MB
Current GC threshold: 21.00 MB
CDS: on
MetaspaceReclaimPolicy: balanced
 - commit_granule_bytes: 65536.
 - commit_granule_words: 8192.
 - virtual_space_node_default_size: 8388608.
 - enlarge_chunks_in_place: 1.
 - new_chunks_are_fully_committed: 0.
 - uncommit_free_chunks: 1.
 - use_allocation_guard: 0.


Internal statistics:

num_allocs_failed_limit: 0.
num_arena_births: 200.
num_arena_deaths: 0.
num_vsnodes_births: 2.
num_vsnodes_deaths: 0.
num_space_committed: 272.
num_space_uncommitted: 0.
num_chunks_returned_to_freelist: 0.
num_chunks_taken_from_freelist: 379.
num_chunk_merges: 0.
num_chunk_splits: 240.
num_chunks_enlarged: 150.
num_inconsistent_stats: 0.

CodeHeap 'non-profiled nmethods': size=119168Kb used=1141Kb max_used=1141Kb free=118026Kb
 bounds [0x0000021ca2500000, 0x0000021ca2770000, 0x0000021ca9960000]
CodeHeap 'profiled nmethods': size=119104Kb used=5843Kb max_used=5843Kb free=113260Kb
 bounds [0x0000021c9a960000, 0x0000021c9af20000, 0x0000021ca1db0000]
CodeHeap 'non-nmethods': size=7488Kb used=1772Kb max_used=3473Kb free=5715Kb
 bounds [0x0000021ca1db0000, 0x0000021ca2120000, 0x0000021ca2500000]
 total_blobs=3551 nmethods=2801 adapters=660
 compilation: enabled
              stopped_count=0, restarted_count=0
 full_count=0

Compilation events (20 events):
Event: 273.682 Thread 0x0000021cb22e0a80 nmethod 2777 0x0000021ca261a310 code [0x0000021ca261a480, 0x0000021ca261a510]
Event: 273.771 Thread 0x0000021cb22ed040 2779   !   3       java.util.concurrent.ConcurrentHashMap::initTable (112 bytes)
Event: 273.773 Thread 0x0000021cb22ed040 nmethod 2779 0x0000021c9af07590 code [0x0000021c9af07780, 0x0000021c9af08088]
Event: 273.775 Thread 0x0000021cb22e0a80 2780       4       sun.java2d.marlin.MarlinTileGenerator::getAlphaRLE (1749 bytes)
Event: 273.781 Thread 0x0000021cb22ed040 2781       3       sun.swing.SwingUtilities2::getFontCharsWidth (45 bytes)
Event: 273.782 Thread 0x0000021cb22ed040 nmethod 2781 0x0000021c9af08310 code [0x0000021c9af084e0, 0x0000021c9af08940]
Event: 273.782 Thread 0x0000021cb22ed040 2782       1       javax.swing.plaf.nimbus.TextFieldPainter::getPaintContext (5 bytes)
Event: 273.782 Thread 0x0000021cb22ed040 nmethod 2782 0x0000021ca261a610 code [0x0000021ca261a780, 0x0000021ca261a850]
Event: 273.791 Thread 0x0000021cb22ed040 2783       1       javax.swing.JTextField::getHorizontalVisibility (5 bytes)
Event: 273.791 Thread 0x0000021cb22ed040 nmethod 2783 0x0000021ca261a910 code [0x0000021ca261aa80, 0x0000021ca261ab50]
Event: 273.791 Thread 0x0000021cb22ed040 2785       3       sun.font.FontDesignMetrics::getAscent (10 bytes)
Event: 273.791 Thread 0x0000021cb22ed040 nmethod 2785 0x0000021c9af08b10 code [0x0000021c9af08ca0, 0x0000021c9af08de0]
Event: 273.791 Thread 0x0000021cb22ed040 2784       1       javax.swing.DefaultBoundedRangeModel::getMinimum (5 bytes)
Event: 273.791 Thread 0x0000021cb22ed040 nmethod 2784 0x0000021ca261ac10 code [0x0000021ca261ad80, 0x0000021ca261ae48]
Event: 273.811 Thread 0x0000021cb22ed040 2786       3       sun.font.FontDesignMetrics::stringWidth (155 bytes)
Event: 273.813 Thread 0x0000021cb22ed040 nmethod 2786 0x0000021c9af08e90 code [0x0000021c9af091c0, 0x0000021c9af0a438]
Event: 273.813 Thread 0x0000021cb22ed040 2787       3       javax.swing.plaf.synth.SynthButtonUI::getContext (11 bytes)
Event: 273.814 Thread 0x0000021cb22ed040 nmethod 2787 0x0000021c9af0ac10 code [0x0000021c9af0ae00, 0x0000021c9af0b478]
Event: 273.814 Thread 0x0000021cb22ed040 2788       3       javax.swing.plaf.synth.SynthButtonUI::getComponentState (138 bytes)
Event: 273.815 Thread 0x0000021cb22ed040 nmethod 2788 0x0000021c9af0b710 code [0x0000021c9af0b9e0, 0x0000021c9af0cf78]

GC Heap History (2 events):
Event: 1.634 GC heap before
{Heap before GC invocations=0 (full 0):
 garbage-first heap   total 253952K, used 20480K [0x0000000709800000, 0x0000000800000000)
  region size 2048K, 11 young (22528K), 0 survivors (0K)
 Metaspace       used 15222K, committed 15552K, reserved 1114112K
  class space    used 1760K, committed 1920K, reserved 1048576K
}
Event: 1.654 GC heap after
{Heap after GC invocations=1 (full 0):
 garbage-first heap   total 253952K, used 8816K [0x0000000709800000, 0x0000000800000000)
  region size 2048K, 2 young (4096K), 2 survivors (4096K)
 Metaspace       used 15222K, committed 15552K, reserved 1114112K
  class space    used 1760K, committed 1920K, reserved 1048576K
}

Dll operation events (10 events):
Event: 0.014 Loaded shared library C:\Program Files\Java\jdk-20\bin\java.dll
Event: 0.043 Loaded shared library C:\Program Files\Java\jdk-20\bin\jsvml.dll
Event: 0.129 Loaded shared library C:\Program Files\Java\jdk-20\bin\net.dll
Event: 0.133 Loaded shared library C:\Program Files\Java\jdk-20\bin\nio.dll
Event: 0.175 Loaded shared library C:\Program Files\Java\jdk-20\bin\zip.dll
Event: 0.196 Loaded shared library C:\Program Files\Java\jdk-20\bin\jimage.dll
Event: 0.223 Loaded shared library C:\Program Files\Java\jdk-20\bin\awt.dll
Event: 0.425 Loaded shared library C:\Program Files\Java\jdk-20\bin\freetype.dll
Event: 0.426 Loaded shared library C:\Program Files\Java\jdk-20\bin\fontmanager.dll
Event: 1.292 Loaded shared library C:\Program Files\Java\jdk-20\bin\extnet.dll

Deoptimization events (20 events):
Event: 20.105 Thread 0x0000021cb22d4b20 Uncommon trap: trap_request=0xffffffbe fr.pc=0x0000021ca25f7c38 relative=0x00000000000006f8
Event: 20.105 Thread 0x0000021cb22d4b20 Uncommon trap: reason=profile_predicate action=maybe_recompile pc=0x0000021ca25f7c38 method=java.awt.LinearGradientPaintContext.fillRaster([IIIIIII)V @ 53 c2
Event: 20.105 Thread 0x0000021cb22d4b20 DEOPT PACKING pc=0x0000021ca25f7c38 sp=0x000000de0e6fc100
Event: 20.105 Thread 0x0000021cb22d4b20 DEOPT UNPACKING pc=0x0000021ca1e19d22 sp=0x000000de0e6fc078 mode 2
Event: 20.105 Thread 0x0000021cb22d4b20 Uncommon trap: trap_request=0xffffffbe fr.pc=0x0000021ca25f7c38 relative=0x00000000000006f8
Event: 20.105 Thread 0x0000021cb22d4b20 Uncommon trap: reason=profile_predicate action=maybe_recompile pc=0x0000021ca25f7c38 method=java.awt.LinearGradientPaintContext.fillRaster([IIIIIII)V @ 53 c2
Event: 20.105 Thread 0x0000021cb22d4b20 DEOPT PACKING pc=0x0000021ca25f7c38 sp=0x000000de0e6fc100
Event: 20.105 Thread 0x0000021cb22d4b20 DEOPT UNPACKING pc=0x0000021ca1e19d22 sp=0x000000de0e6fc078 mode 2
Event: 20.106 Thread 0x0000021cb22d4b20 DEOPT PACKING pc=0x0000021c9aec4389 sp=0x000000de0e6fbe70
Event: 20.106 Thread 0x0000021cb22d4b20 DEOPT UNPACKING pc=0x0000021ca1e1a4c2 sp=0x000000de0e6fb2c0 mode 0
Event: 20.115 Thread 0x0000021cb22d4b20 DEOPT PACKING pc=0x0000021c9aec4389 sp=0x000000de0e6fbf70
Event: 20.115 Thread 0x0000021cb22d4b20 DEOPT UNPACKING pc=0x0000021ca1e1a4c2 sp=0x000000de0e6fb3c0 mode 0
Event: 21.556 Thread 0x0000021cb22d4b20 DEOPT PACKING pc=0x0000021c9aee35a1 sp=0x000000de0e6fc100
Event: 21.556 Thread 0x0000021cb22d4b20 DEOPT UNPACKING pc=0x0000021ca1e1a4c2 sp=0x000000de0e6fb578 mode 0
Event: 21.816 Thread 0x0000021cb22d4b20 DEOPT PACKING pc=0x0000021c9aec915e sp=0x000000de0e6fd520
Event: 21.816 Thread 0x0000021cb22d4b20 DEOPT UNPACKING pc=0x0000021ca1e1a4c2 sp=0x000000de0e6fc900 mode 0
Event: 273.775 Thread 0x0000021cb22d4b20 DEOPT PACKING pc=0x0000021c9aedacbc sp=0x000000de0e6fd120
Event: 273.775 Thread 0x0000021cb22d4b20 DEOPT UNPACKING pc=0x0000021ca1e1a4c2 sp=0x000000de0e6fc520 mode 0
Event: 273.818 Thread 0x0000021cb22d4b20 DEOPT PACKING pc=0x0000021c9aedacbc sp=0x000000de0e6fd0b0
Event: 273.818 Thread 0x0000021cb22d4b20 DEOPT UNPACKING pc=0x0000021ca1e1a4c2 sp=0x000000de0e6fc4b0 mode 0

Classes loaded (20 events):
Event: 20.062 Loading class java/awt/WaitDispatchSupport$1
Event: 20.062 Loading class java/awt/WaitDispatchSupport$1 done
Event: 20.062 Loading class java/awt/WaitDispatchSupport$2
Event: 20.062 Loading class java/awt/WaitDispatchSupport$2 done
Event: 20.062 Loading class java/awt/WaitDispatchSupport$4
Event: 20.062 Loading class java/awt/WaitDispatchSupport$4 done
Event: 20.071 Loading class javax/swing/plaf/synth/SynthGraphicsUtils$SynthIconWrapper
Event: 20.071 Loading class javax/swing/plaf/synth/SynthGraphicsUtils$SynthIconWrapper done
Event: 20.072 Loading class javax/swing/plaf/nimbus/OptionPanePainter
Event: 20.072 Loading class javax/swing/plaf/nimbus/OptionPanePainter done
Event: 20.073 Loading class java/awt/geom/EllipseIterator
Event: 20.074 Loading class java/awt/geom/EllipseIterator done
Event: 21.781 Loading class java/awt/KeyboardFocusManager$2
Event: 21.781 Loading class java/awt/KeyboardFocusManager$2 done
Event: 21.781 Loading class sun/awt/SunToolkit$1
Event: 21.781 Loading class sun/awt/SunToolkit$1 done
Event: 21.797 Loading class java/awt/Window$1DisposeAction
Event: 21.798 Loading class java/awt/Window$1DisposeAction done
Event: 21.800 Loading class java/awt/LightweightDispatcher$2
Event: 21.800 Loading class java/awt/LightweightDispatcher$2 done

Classes unloaded (0 events):
No events

Classes redefined (0 events):
No events

Internal exceptions (20 events):
Event: 0.476 Thread 0x0000021c910aac20 Exception <a 'java/lang/ClassNotFoundException'{0x00000007188f83f8}: com/sun/swing/internal/plaf/metal/resources/spi/metalProvider> (0x00000007188f83f8) 
thrown [s\open\src\hotspot\share\classfile\systemDictionary.cpp, line 305]
Event: 0.477 Thread 0x0000021c910aac20 Exception <a 'java/lang/ClassNotFoundException'{0x00000007188fc0a8}: com/sun/swing/internal/plaf/basic/resources/spi/basicProvider> (0x00000007188fc0a8) 
thrown [s\open\src\hotspot\share\classfile\systemDictionary.cpp, line 305]
Event: 0.579 Thread 0x0000021cb22d4b20 Exception <a 'java/lang/ClassNotFoundException'{0x0000000718968638}: com/sun/swing/internal/plaf/synth/resources/spi/synthProvider> (0x0000000718968638) 
thrown [s\open\src\hotspot\share\classfile\systemDictionary.cpp, line 305]
Event: 0.602 Thread 0x0000021cb22d4b20 Exception <a 'java/lang/NoSuchMethodError'{0x00000007189ab688}: 'int java.lang.invoke.Invokers$Holder.invokeExact_MT(java.lang.Object, java.lang.Object)'> (0x00000007189ab688) 
thrown [s\open\src\hotspot\share\interpreter\linkResolver.cpp, line 773]
Event: 0.606 Thread 0x0000021cb22d4b20 Exception <a 'java/lang/NoSuchMethodError'{0x00000007189b1468}: 'java.lang.Object java.lang.invoke.DirectMethodHandle$Holder.newInvokeSpecial(java.lang.Object, java.lang.Object, int)'> (0x00000007189b1468) 
thrown [s\open\src\hotspot\share\interpreter\linkResolver.cpp, line 773]
Event: 0.607 Thread 0x0000021cb22d4b20 Exception <a 'java/lang/NoSuchMethodError'{0x00000007189b6318}: 'int java.lang.invoke.DirectMethodHandle$Holder.invokeSpecial(java.lang.Object, java.lang.Object, java.lang.Object, int)'> (0x00000007189b6318) 
thrown [s\open\src\hotspot\share\interpreter\linkResolver.cpp, line 773]
Event: 0.610 Thread 0x0000021cb22d4b20 Exception <a 'java/lang/NoSuchMethodError'{0x0000000718605810}: 'java.lang.Object java.lang.invoke.DirectMethodHandle$Holder.invokeStatic(java.lang.Object, java.lang.Object, java.lang.Object, java.lang.Object, int)'> (0x0000000718605810) 
thrown [s\open\src\hotspot\share\interpreter\linkResolver.cpp, line 773]
Event: 0.611 Thread 0x0000021cb22d4b20 Exception <a 'java/lang/NoSuchMethodError'{0x0000000718610f60}: 'int java.lang.invoke.DirectMethodHandle$Holder.invokeSpecial(java.lang.Object, java.lang.Object, java.lang.Object)'> (0x0000000718610f60) 
thrown [s\open\src\hotspot\share\interpreter\linkResolver.cpp, line 773]
Event: 0.810 Thread 0x0000021cb22d55c0 Exception <a 'java/lang/NoSuchMethodError'{0x00000007184bebf0}: 'java.lang.Object java.lang.invoke.DirectMethodHandle$Holder.newInvokeSpecial(java.lang.Object, java.lang.Object, java.lang.Object, int, int, int, int, int)'> (0x00000007184bebf0) 
thrown [s\open\src\hotspot\share\interpreter\linkResolver.cpp, line 773]
Event: 0.887 Thread 0x0000021cb22d2b40 Exception <a 'java/lang/NoSuchMethodError'{0x0000000718b61d00}: 'void java.lang.invoke.DirectMethodHandle$Holder.invokeVirtual(java.lang.Object, java.lang.Object)'> (0x0000000718b61d00) 
thrown [s\open\src\hotspot\share\interpreter\linkResolver.cpp, line 773]
Event: 0.913 Thread 0x0000021cb22d4b20 Exception <a 'java/lang/NoSuchMethodError'{0x00000007187092a8}: 'void java.lang.invoke.DirectMethodHandle$Holder.invokeStaticInit(java.lang.Object)'> (0x00000007187092a8) 
thrown [s\open\src\hotspot\share\interpreter\linkResolver.cpp, line 773]
Event: 1.121 Thread 0x0000021cb22d4b20 Exception <a 'java/lang/NoSuchMethodError'{0x0000000718054e68}: 'java.lang.Object java.lang.invoke.DirectMethodHandle$Holder.invokeInterface(java.lang.Object, java.lang.Object)'> (0x0000000718054e68) 
thrown [s\open\src\hotspot\share\interpreter\linkResolver.cpp, line 773]
Event: 1.156 Thread 0x0000021cb22d4b20 Exception <a 'java/lang/NoSuchMethodError'{0x00000007180ce050}: 'void java.lang.invoke.DirectMethodHandle$Holder.invokeStatic(java.lang.Object, java.lang.Object, java.lang.Object)'> (0x00000007180ce050) 
thrown [s\open\src\hotspot\share\interpreter\linkResolver.cpp, line 773]
Event: 1.158 Thread 0x0000021cb22d4b20 Exception <a 'java/lang/NoSuchMethodError'{0x00000007180d7b60}: 'java.lang.Object java.lang.invoke.DirectMethodHandle$Holder.invokeVirtual(java.lang.Object, java.lang.Object, java.lang.Object)'> (0x00000007180d7b60) 
thrown [s\open\src\hotspot\share\interpreter\linkResolver.cpp, line 773]
Event: 1.294 Thread 0x0000021cb22d4b20 Exception <a 'java/lang/NoSuchMethodError'{0x0000000717fda5b8}: 'void java.lang.invoke.DirectMethodHandle$Holder.invokeStatic(java.lang.Object, java.lang.Object)'> (0x0000000717fda5b8) 
thrown [s\open\src\hotspot\share\interpreter\linkResolver.cpp, line 773]
Event: 20.060 Thread 0x0000021cb22d4b20 Exception <a 'java/lang/NoSuchMethodError'{0x0000000718bd6420}: 'int java.lang.invoke.DirectMethodHandle$Holder.invokeStatic(java.lang.Object)'> (0x0000000718bd6420) 
thrown [s\open\src\hotspot\share\interpreter\linkResolver.cpp, line 773]
Event: 20.104 Thread 0x0000021cb22d4b20 Implicit null exception at 0x0000021ca25f7617 to 0x0000021ca25f7bfd
Event: 20.104 Thread 0x0000021cb22d4b20 Implicit null exception at 0x0000021ca25f7617 to 0x0000021ca25f7bfd
Event: 20.105 Thread 0x0000021cb22d4b20 Implicit null exception at 0x0000021ca25f7617 to 0x0000021ca25f7bfd
Event: 20.105 Thread 0x0000021cb22d4b20 Implicit null exception at 0x0000021ca25f7617 to 0x0000021ca25f7bfd

VM Operations (20 events):
Event: 18.935 Executing VM operation: Cleanup
Event: 18.935 Executing VM operation: Cleanup done
Event: 19.941 Executing VM operation: Cleanup
Event: 19.941 Executing VM operation: Cleanup done
Event: 20.034 Executing VM operation: HandshakeAllThreads
Event: 20.034 Executing VM operation: HandshakeAllThreads done
Event: 21.034 Executing VM operation: Cleanup
Event: 21.034 Executing VM operation: Cleanup done
Event: 22.042 Executing VM operation: Cleanup
Event: 22.042 Executing VM operation: Cleanup done
Event: 23.046 Executing VM operation: Cleanup
Event: 23.046 Executing VM operation: Cleanup done
Event: 24.049 Executing VM operation: Cleanup
Event: 24.049 Executing VM operation: Cleanup done
Event: 27.069 Executing VM operation: Cleanup
Event: 27.069 Executing VM operation: Cleanup done
Event: 60.186 Executing VM operation: HandshakeAllThreads
Event: 60.186 Executing VM operation: HandshakeAllThreads done
Event: 202.120 Executing VM operation: Cleanup
Event: 202.120 Executing VM operation: Cleanup done

Events (20 events):
Event: 0.659 Thread 0x0000021cfaa94240 Thread added: 0x0000021cfaa94240
Event: 0.748 Thread 0x0000021cb22d55c0 Thread added: 0x0000021cb22d55c0
Event: 0.752 Thread 0x0000021c800e16d0 Thread added: 0x0000021c800e16d0
Event: 0.790 Thread 0x0000021cfaae1bf0 Thread added: 0x0000021cfaae1bf0
Event: 0.967 Thread 0x0000021c8037e620 Thread added: 0x0000021c8037e620
Event: 1.089 Thread 0x0000021c801012e0 Thread added: 0x0000021c801012e0
Event: 1.569 Thread 0x0000021c8037e620 Thread exited: 0x0000021c8037e620
Event: 1.571 Thread 0x0000021cfaa94240 Thread exited: 0x0000021cfaa94240
Event: 1.578 Thread 0x0000021c800fd870 Thread added: 0x0000021c800fd870
Event: 1.903 Thread 0x0000021c800ff300 Thread added: 0x0000021c800ff300
Event: 3.439 Thread 0x0000021cfaae1bf0 Thread exited: 0x0000021cfaae1bf0
Event: 4.964 Thread 0x0000021c800e16d0 Thread exited: 0x0000021c800e16d0
Event: 5.500 Thread 0x0000021cf81113f0 Thread exited: 0x0000021cf81113f0
Event: 5.874 Thread 0x0000021cb22d55c0 Thread exited: 0x0000021cb22d55c0
Event: 6.687 Thread 0x0000021c80058330 Thread added: 0x0000021c80058330
Event: 11.409 Thread 0x0000021c80058330 Thread exited: 0x0000021c80058330
Event: 19.949 Thread 0x0000021c80057da0 Thread added: 0x0000021c80057da0
Event: 20.100 Thread 0x0000021c80055120 Thread added: 0x0000021c80055120
Event: 21.100 Thread 0x0000021c80055120 Thread exited: 0x0000021c80055120
Event: 21.100 Thread 0x0000021c80057da0 Thread exited: 0x0000021c80057da0


Dynamic libraries:
0x00007ff7e9090000 - 0x00007ff7e90a0000 	C:\Program Files\Java\jdk-20\bin\java.exe
0x00007ffe8ff50000 - 0x00007ffe90167000 	C:\WINDOWS\SYSTEM32\ntdll.dll
0x00007ffe6c750000 - 0x00007ffe6c769000 	C:\Program Files\AVG\Antivirus\aswhook.dll
0x00007ffe8e890000 - 0x00007ffe8e954000 	C:\WINDOWS\System32\KERNEL32.DLL
0x00007ffe8d2d0000 - 0x00007ffe8d676000 	C:\WINDOWS\System32\KERNELBASE.dll
0x00007ffe8d8e0000 - 0x00007ffe8d9f1000 	C:\WINDOWS\System32\ucrtbase.dll
0x00007ffe88f50000 - 0x00007ffe88f69000 	C:\Program Files\Java\jdk-20\bin\jli.dll
0x00007ffe8e970000 - 0x00007ffe8ea20000 	C:\WINDOWS\System32\ADVAPI32.dll
0x00007ffe8f1f0000 - 0x00007ffe8f297000 	C:\WINDOWS\System32\msvcrt.dll
0x00007ffe8e7d0000 - 0x00007ffe8e876000 	C:\WINDOWS\System32\sechost.dll
0x00007ffe8fbc0000 - 0x00007ffe8fcd7000 	C:\WINDOWS\System32\RPCRT4.dll
0x00007ffe8ead0000 - 0x00007ffe8ec7d000 	C:\WINDOWS\System32\USER32.dll
0x00007ffe8da00000 - 0x00007ffe8da26000 	C:\WINDOWS\System32\win32u.dll
0x00007ffe8e5f0000 - 0x00007ffe8e619000 	C:\WINDOWS\System32\GDI32.dll
0x00007ffe8da30000 - 0x00007ffe8db48000 	C:\WINDOWS\System32\gdi32full.dll
0x00007ffe8db50000 - 0x00007ffe8dbea000 	C:\WINDOWS\System32\msvcp_win.dll
0x00007ffe8ae70000 - 0x00007ffe8ae8b000 	C:\Program Files\Java\jdk-20\bin\VCRUNTIME140.dll
0x00007ffe7b600000 - 0x00007ffe7b893000 	C:\WINDOWS\WinSxS\amd64_microsoft.windows.common-controls_6595b64144ccf1df_6.0.22621.2361_none_2712ced57382f843\COMCTL32.dll
0x00007ffe86960000 - 0x00007ffe8696a000 	C:\WINDOWS\SYSTEM32\VERSION.dll
0x00007ffe8f560000 - 0x00007ffe8f591000 	C:\WINDOWS\System32\IMM32.DLL
0x00007ffe8aed0000 - 0x00007ffe8aedc000 	C:\Program Files\Java\jdk-20\bin\vcruntime140_1.dll
0x00007ffe73c60000 - 0x00007ffe73cee000 	C:\Program Files\Java\jdk-20\bin\msvcp140.dll
0x00007ffe02460000 - 0x00007ffe030f8000 	C:\Program Files\Java\jdk-20\bin\server\jvm.dll
0x00007ffe81ec0000 - 0x00007ffe81ec9000 	C:\WINDOWS\SYSTEM32\WSOCK32.dll
0x00007ffe8e570000 - 0x00007ffe8e5e1000 	C:\WINDOWS\System32\WS2_32.dll
0x00007ffe87aa0000 - 0x00007ffe87ad4000 	C:\WINDOWS\SYSTEM32\WINMM.dll
0x00007ffe8c400000 - 0x00007ffe8c418000 	C:\WINDOWS\SYSTEM32\kernel.appcore.dll
0x00007ffe8ae50000 - 0x00007ffe8ae5a000 	C:\Program Files\Java\jdk-20\bin\jimage.dll
0x00007ffe8aac0000 - 0x00007ffe8acee000 	C:\WINDOWS\SYSTEM32\DBGHELP.DLL
0x00007ffe8f7e0000 - 0x00007ffe8fb6a000 	C:\WINDOWS\System32\combase.dll
0x00007ffe8f110000 - 0x00007ffe8f1e7000 	C:\WINDOWS\System32\OLEAUT32.dll
0x00007ffe85a60000 - 0x00007ffe85a92000 	C:\WINDOWS\SYSTEM32\dbgcore.DLL
0x00007ffe8d680000 - 0x00007ffe8d6fa000 	C:\WINDOWS\System32\bcryptPrimitives.dll
0x00007ffe89350000 - 0x00007ffe89376000 	C:\Program Files\Java\jdk-20\bin\java.dll
0x00007ffe730f0000 - 0x00007ffe731c7000 	C:\Program Files\Java\jdk-20\bin\jsvml.dll
0x00007ffe8dcb0000 - 0x00007ffe8e508000 	C:\WINDOWS\System32\SHELL32.dll
0x00007ffe8b240000 - 0x00007ffe8bb32000 	C:\WINDOWS\SYSTEM32\windows.storage.dll
0x00007ffe8b100000 - 0x00007ffe8b23e000 	C:\WINDOWS\SYSTEM32\wintypes.dll
0x00007ffe8f460000 - 0x00007ffe8f553000 	C:\WINDOWS\System32\SHCORE.dll
0x00007ffe8e510000 - 0x00007ffe8e56e000 	C:\WINDOWS\System32\shlwapi.dll
0x00007ffe8d200000 - 0x00007ffe8d226000 	C:\WINDOWS\SYSTEM32\profapi.dll
0x00007ffe8aa60000 - 0x00007ffe8aa73000 	C:\Program Files\Java\jdk-20\bin\net.dll
0x00007ffe897d0000 - 0x00007ffe89907000 	C:\WINDOWS\SYSTEM32\WINHTTP.dll
0x00007ffe8c880000 - 0x00007ffe8c8e9000 	C:\WINDOWS\system32\mswsock.dll
0x00007ffe8aa10000 - 0x00007ffe8aa26000 	C:\Program Files\Java\jdk-20\bin\nio.dll
0x00007ffe88fa0000 - 0x00007ffe88fb8000 	C:\Program Files\Java\jdk-20\bin\zip.dll
0x00007ffe61d90000 - 0x00007ffe61f21000 	C:\Program Files\Java\jdk-20\bin\awt.dll
0x00007ffe87480000 - 0x00007ffe87517000 	C:\WINDOWS\SYSTEM32\apphelp.dll
0x00007ffe8a210000 - 0x00007ffe8a2bb000 	C:\WINDOWS\system32\uxtheme.dll
0x00007ffe8e680000 - 0x00007ffe8e7cc000 	C:\WINDOWS\System32\MSCTF.dll
0x00007ffe8fd00000 - 0x00007ffe8fe9f000 	C:\WINDOWS\System32\ole32.dll
0x00007ffe8a4c0000 - 0x00007ffe8a4eb000 	C:\WINDOWS\system32\DWMAPI.DLL
0x00007ffe68950000 - 0x00007ffe689d6000 	C:\Program Files\Java\jdk-20\bin\freetype.dll
0x00007ffe68610000 - 0x00007ffe686e3000 	C:\Program Files\Java\jdk-20\bin\fontmanager.dll
0x00007ffe72ff0000 - 0x00007ffe730f0000 	C:\WINDOWS\system32\opengl32.dll
0x00007ffe88c90000 - 0x00007ffe88cbd000 	C:\WINDOWS\SYSTEM32\GLU32.dll
0x00007ffe8a530000 - 0x00007ffe8a566000 	C:\WINDOWS\SYSTEM32\dxcore.dll
0x00007ffe54ab0000 - 0x00007ffe54c59000 	C:\WINDOWS\system32\d3d9.dll
0x00007ffe7b440000 - 0x00007ffe7b5f8000 	C:\WINDOWS\System32\DriverStore\FileRepository\u0375185.inf_amd64_73f65969b9079bf6\B375122\aticfx64.dll
0x00007ffe7c4e0000 - 0x00007ffe7c514000 	C:\WINDOWS\System32\DriverStore\FileRepository\u0375185.inf_amd64_73f65969b9079bf6\B375122\atiu9p64.dll
0x00007ffe4b0a0000 - 0x00007ffe4bdf4000 	C:\WINDOWS\System32\DriverStore\FileRepository\u0375185.inf_amd64_73f65969b9079bf6\B375122\atiumd64.dll
0x0000000052140000 - 0x0000000052fb3000 	C:\WINDOWS\System32\DriverStore\FileRepository\u0375185.inf_amd64_73f65969b9079bf6\B375122\atiumd6a.dll
0x00007ffe8ec80000 - 0x00007ffe8f0f4000 	C:\WINDOWS\System32\SETUPAPI.dll
0x00007ffe8c160000 - 0x00007ffe8c1ad000 	C:\WINDOWS\SYSTEM32\POWRPROF.dll
0x00007ffe8c140000 - 0x00007ffe8c153000 	C:\WINDOWS\SYSTEM32\UMPDC.dll
0x00007ffe7b380000 - 0x00007ffe7b3b0000 	C:\WINDOWS\SYSTEM32\amdihk64.dll
0x00007ffe81f50000 - 0x00007ffe81f9a000 	C:\WINDOWS\SYSTEM32\directxdatabasehelper.dll
0x00007ffe8ea20000 - 0x00007ffe8ead0000 	C:\WINDOWS\System32\clbcatq.dll
0x00007ffe8a040000 - 0x00007ffe8a1f0000 	C:\WINDOWS\SYSTEM32\WindowsCodecs.dll
0x00007ffe6e9e0000 - 0x00007ffe6ea3e000 	C:\WINDOWS\system32\dataexchange.dll
0x00007ffe87760000 - 0x00007ffe879e5000 	C:\WINDOWS\system32\twinapi.appcore.dll
0x00007ffe8be40000 - 0x00007ffe8bf39000 	C:\WINDOWS\SYSTEM32\DNSAPI.dll
0x00007ffe8be10000 - 0x00007ffe8be3d000 	C:\WINDOWS\SYSTEM32\IPHLPAPI.DLL
0x00007ffe8f100000 - 0x00007ffe8f109000 	C:\WINDOWS\System32\NSI.dll
0x00007ffe88b00000 - 0x00007ffe88b0a000 	C:\Windows\System32\rasadhlp.dll
0x00007ffe87f20000 - 0x00007ffe87fa4000 	C:\WINDOWS\System32\fwpuclnt.dll
0x00007ffe8ad90000 - 0x00007ffe8ad97000 	C:\Program Files\Java\jdk-20\bin\extnet.dll
0x00007ffe79a00000 - 0x00007ffe79b4a000 	C:\WINDOWS\SYSTEM32\textinputframework.dll
0x00007ffe86820000 - 0x00007ffe86953000 	C:\WINDOWS\SYSTEM32\CoreMessaging.dll
0x00007ffe81500000 - 0x00007ffe8186c000 	C:\WINDOWS\SYSTEM32\CoreUIComponents.dll
0x00007ffe8caf0000 - 0x00007ffe8cafc000 	C:\WINDOWS\SYSTEM32\CRYPTBASE.DLL

dbghelp: loaded successfully - version: 4.0.5 - missing functions: none
symbol engine: initialized successfully - sym options: 0x614 - pdb path: .;C:\Program Files\Java\jdk-20\bin;C:\WINDOWS\SYSTEM32;C:\Program Files\AVG\Antivirus;C:\WINDOWS\WinSxS\amd64_microsoft.windows.common-controls_6595b64144ccf1df_6.0.22621.2361_none_2712ced57382f843;C:\Program Files\Java\jdk-20\bin\server;C:\WINDOWS\System32\DriverStore\FileRepository\u0375185.inf_amd64_73f65969b9079bf6\B375122

VM Arguments:
jvm_args: -Dfile.encoding=UTF-8 --module-path=C:\Users\ASUS\Documents\NetBeansProjects\pa\build\classes 
java_command: gui.fasilitas
java_class_path (initial): C:\Users\ASUS\Downloads\mysql-connector-j-8.1.0.zip;C:\Users\ASUS\Documents\konek\mysql-connector-j-8.1.0.jar;C:\Program Files\NetBeans-18\netbeans\java\modules\ext\AbsoluteLayout.jar;C:\Users\ASUS\Documents\NetBeansProjects\pa\build\classes
Launcher Type: SUN_STANDARD

[Global flags]
     intx CICompilerCount                          = 12                                        {product} {ergonomic}
     uint ConcGCThreads                            = 3                                         {product} {ergonomic}
     uint G1ConcRefinementThreads                  = 13                                        {product} {ergonomic}
   size_t G1HeapRegionSize                         = 2097152                                   {product} {ergonomic}
    uintx GCDrainStackTargetSize                   = 64                                        {product} {ergonomic}
   size_t InitialHeapSize                          = 260046848                                 {product} {ergonomic}
   size_t MarkStackSize                            = 4194304                                   {product} {ergonomic}
   size_t MaxHeapSize                              = 4135583744                                {product} {ergonomic}
   size_t MaxNewSize                               = 2480930816                                {product} {ergonomic}
   size_t MinHeapDeltaBytes                        = 2097152                                   {product} {ergonomic}
   size_t MinHeapSize                              = 8388608                                   {product} {ergonomic}
    uintx NonNMethodCodeHeapSize                   = 7602480                                {pd product} {ergonomic}
    uintx NonProfiledCodeHeapSize                  = 122027880                              {pd product} {ergonomic}
    uintx ProfiledCodeHeapSize                     = 122027880                              {pd product} {ergonomic}
    uintx ReservedCodeCacheSize                    = 251658240                              {pd product} {ergonomic}
     bool SegmentedCodeCache                       = true                                      {product} {ergonomic}
   size_t SoftMaxHeapSize                          = 4135583744                             {manageable} {ergonomic}
     bool UseCompressedClassPointers               = true                           {product lp64_product} {ergonomic}
     bool UseCompressedOops                        = true                           {product lp64_product} {ergonomic}
     bool UseG1GC                                  = true                                      {product} {ergonomic}
     bool UseLargePagesIndividualAllocation        = false                                  {pd product} {ergonomic}

Logging:
Log output configuration:
 #0: stdout all=warning uptime,level,tags foldmultilines=false
 #1: stderr all=off uptime,level,tags foldmultilines=false

Environment Variables:
PATH=C:\Program Files\Common Files\Oracle\Java\javapath;C:\WINDOWS\system32;C:\WINDOWS;C:\WINDOWS\System32\Wbem;C:\WINDOWS\System32\WindowsPowerShell\v1.0\;C:\WINDOWS\System32\OpenSSH\;C:\Program Files\Git\cmd;C:\Users\ASUS\AppData\Local\Microsoft\WindowsApps;;C:\Users\ASUS\AppData\Local\Programs\Microsoft VS Code\bin
USERNAME=ASUS
OS=Windows_NT
PROCESSOR_IDENTIFIER=AMD64 Family 25 Model 80 Stepping 0, AuthenticAMD
TMP=C:\Users\ASUS\AppData\Local\Temp
TEMP=C:\Users\ASUS\AppData\Local\Temp




---------------  S Y S T E M  ---------------

OS:
 Windows 11 , 64 bit Build 22621 (10.0.22621.2428)
OS uptime: 14 days 4:19 hours

CPU: total 16 (initial active 16) (16 cores per cpu, 2 threads per core) family 25 model 80 stepping 0 microcode 0x0, cx8, cmov, fxsr, ht, mmx, 3dnowpref, sse, sse2, sse3, ssse3, sse4a, sse4.1, sse4.2, popcnt, lzcnt, tsc, tscinvbit, avx, avx2, aes, erms, clmul, bmi1, bmi2, adx, sha, fma, vzeroupper, clflush, clflushopt, rdtscp, rdpid, fsrm, f16c, pku, cet_ss

Memory: 4k page, system-wide physical 15775M (5950M free)
TotalPageFile size 41194M (AvailPageFile size 2M)
current process WorkingSet (physical memory assigned to process): 152M, peak: 152M
current process commit charge ("private bytes"): 476M, peak: 476M

vm_info: Java HotSpot(TM) 64-Bit Server VM (20.0.2+9-78) for windows-amd64 JRE (20.0.2+9-78), built on 2023-06-14T10:08:48Z by "mach5one" with MS VC++ 17.1 (VS2022)

END.
